[0m15:27:51.452280 [debug] [MainThread]: Sending event: {'category': 'dbt', 'action': 'invocation', 'label': 'start', 'context': [<snowplow_tracker.self_describing_json.SelfDescribingJson object at 0x00000221246ED010>, <snowplow_tracker.self_describing_json.SelfDescribingJson object at 0x00000221246EE710>, <snowplow_tracker.self_describing_json.SelfDescribingJson object at 0x00000221246EE090>]}


============================== 15:27:51.460783 | 9d3cc1a1-0f62-4adc-802c-ca9f70623673 ==============================
[0m15:27:51.460783 [info ] [MainThread]: Running with dbt=1.7.13
[0m15:27:51.460783 [debug] [MainThread]: running dbt with arguments {'printer_width': '80', 'indirect_selection': 'eager', 'log_cache_events': 'False', 'write_json': 'True', 'partial_parse': 'True', 'cache_selected_only': 'False', 'warn_error': 'None', 'debug': 'False', 'profiles_dir': 'C:\\Users\\rites\\.dbt', 'log_path': 'C:\\Users\\rites\\OneDrive\\Desktop\\course\\dbtlearn\\logs', 'fail_fast': 'False', 'version_check': 'True', 'use_colors': 'True', 'use_experimental_parser': 'False', 'no_print': 'None', 'quiet': 'False', 'log_format': 'default', 'invocation_command': 'dbt debug', 'warn_error_options': 'WarnErrorOptions(include=[], exclude=[])', 'introspect': 'True', 'target_path': 'None', 'static_parser': 'True', 'send_anonymous_usage_stats': 'True'}
[0m15:27:51.460783 [info ] [MainThread]: dbt version: 1.7.13
[0m15:27:51.460783 [info ] [MainThread]: python version: 3.11.0
[0m15:27:51.460783 [info ] [MainThread]: python path: c:\Users\rites\OneDrive\Desktop\course\worspace\.venv\Scripts\python.exe
[0m15:27:51.460783 [info ] [MainThread]: os info: Windows-10-10.0.22631-SP0
[0m15:27:51.760693 [info ] [MainThread]: Using profiles dir at C:\Users\rites\.dbt
[0m15:27:51.765725 [info ] [MainThread]: Using profiles.yml file at C:\Users\rites\.dbt\profiles.yml
[0m15:27:51.765725 [info ] [MainThread]: Using dbt_project.yml file at C:\Users\rites\OneDrive\Desktop\course\dbtlearn\dbt_project.yml
[0m15:27:51.765725 [info ] [MainThread]: adapter type: snowflake
[0m15:27:51.768731 [info ] [MainThread]: adapter version: 1.7.1
[0m15:27:51.837564 [info ] [MainThread]: Configuration:
[0m15:27:51.840678 [info ] [MainThread]:   profiles.yml file [[32mOK found and valid[0m]
[0m15:27:51.840678 [info ] [MainThread]:   dbt_project.yml file [[32mOK found and valid[0m]
[0m15:27:51.840678 [info ] [MainThread]: Required dependencies:
[0m15:27:51.840678 [debug] [MainThread]: Executing "git --help"
[0m15:27:51.887390 [debug] [MainThread]: STDOUT: "b"usage: git [-v | --version] [-h | --help] [-C <path>] [-c <name>=<value>]\n           [--exec-path[=<path>]] [--html-path] [--man-path] [--info-path]\n           [-p | --paginate | -P | --no-pager] [--no-replace-objects] [--bare]\n           [--git-dir=<path>] [--work-tree=<path>] [--namespace=<name>]\n           [--config-env=<name>=<envvar>] <command> [<args>]\n\nThese are common Git commands used in various situations:\n\nstart a working area (see also: git help tutorial)\n   clone     Clone a repository into a new directory\n   init      Create an empty Git repository or reinitialize an existing one\n\nwork on the current change (see also: git help everyday)\n   add       Add file contents to the index\n   mv        Move or rename a file, a directory, or a symlink\n   restore   Restore working tree files\n   rm        Remove files from the working tree and from the index\n\nexamine the history and state (see also: git help revisions)\n   bisect    Use binary search to find the commit that introduced a bug\n   diff      Show changes between commits, commit and working tree, etc\n   grep      Print lines matching a pattern\n   log       Show commit logs\n   show      Show various types of objects\n   status    Show the working tree status\n\ngrow, mark and tweak your common history\n   branch    List, create, or delete branches\n   commit    Record changes to the repository\n   merge     Join two or more development histories together\n   rebase    Reapply commits on top of another base tip\n   reset     Reset current HEAD to the specified state\n   switch    Switch branches\n   tag       Create, list, delete or verify a tag object signed with GPG\n\ncollaborate (see also: git help workflows)\n   fetch     Download objects and refs from another repository\n   pull      Fetch from and integrate with another repository or a local branch\n   push      Update remote refs along with associated objects\n\n'git help -a' and 'git help -g' list available subcommands and some\nconcept guides. See 'git help <command>' or 'git help <concept>'\nto read about a specific subcommand or concept.\nSee 'git help git' for an overview of the system.\n""
[0m15:27:51.890926 [debug] [MainThread]: STDERR: "b''"
[0m15:27:51.890926 [info ] [MainThread]:  - git [[32mOK found[0m]

[0m15:27:51.890926 [info ] [MainThread]: Connection:
[0m15:27:51.890926 [info ] [MainThread]:   account: btvgsxi-sz61342
[0m15:27:51.890926 [info ] [MainThread]:   user: dbt
[0m15:27:51.890926 [info ] [MainThread]:   database: AIRBNB
[0m15:27:51.895277 [info ] [MainThread]:   warehouse: COMPUTE_WH
[0m15:27:51.895277 [info ] [MainThread]:   role: transform
[0m15:27:51.896284 [info ] [MainThread]:   schema: DEV
[0m15:27:51.897151 [info ] [MainThread]:   authenticator: None
[0m15:27:51.898171 [info ] [MainThread]:   private_key_path: None
[0m15:27:51.899149 [info ] [MainThread]:   token: None
[0m15:27:51.899149 [info ] [MainThread]:   oauth_client_id: None
[0m15:27:51.899149 [info ] [MainThread]:   query_tag: None
[0m15:27:51.900658 [info ] [MainThread]:   client_session_keep_alive: False
[0m15:27:51.901542 [info ] [MainThread]:   host: None
[0m15:27:51.903180 [info ] [MainThread]:   port: None
[0m15:27:51.903579 [info ] [MainThread]:   proxy_host: None
[0m15:27:51.904613 [info ] [MainThread]:   proxy_port: None
[0m15:27:51.905578 [info ] [MainThread]:   protocol: None
[0m15:27:51.906573 [info ] [MainThread]:   connect_retries: 1
[0m15:27:51.906573 [info ] [MainThread]:   connect_timeout: None
[0m15:27:51.907386 [info ] [MainThread]:   retry_on_database_errors: False
[0m15:27:51.907386 [info ] [MainThread]:   retry_all: False
[0m15:27:51.909930 [info ] [MainThread]:   insecure_mode: False
[0m15:27:51.909930 [info ] [MainThread]:   reuse_connections: None
[0m15:27:51.910987 [info ] [MainThread]: Registered adapter: snowflake=1.7.1
[0m15:27:51.911985 [debug] [MainThread]: Acquiring new snowflake connection 'debug'
[0m15:27:51.913267 [debug] [MainThread]: Using snowflake connection "debug"
[0m15:27:51.914249 [debug] [MainThread]: On debug: select 1 as id
[0m15:27:51.914249 [debug] [MainThread]: Opening a new connection, currently in state init
[0m15:27:53.461102 [debug] [MainThread]: SQL status: SUCCESS 1 in 2.0 seconds
[0m15:27:53.471123 [debug] [MainThread]: On debug: Close
[0m15:27:53.657252 [info ] [MainThread]:   Connection test: [[32mOK connection ok[0m]

[0m15:27:53.657252 [info ] [MainThread]: [32mAll checks passed![0m
[0m15:27:53.661323 [debug] [MainThread]: Command `dbt debug` succeeded at 15:27:53.661323 after 2.28 seconds
[0m15:27:53.661899 [debug] [MainThread]: Connection 'debug' was properly closed.
[0m15:27:53.663080 [debug] [MainThread]: Sending event: {'category': 'dbt', 'action': 'invocation', 'label': 'end', 'context': [<snowplow_tracker.self_describing_json.SelfDescribingJson object at 0x000002211D979E10>, <snowplow_tracker.self_describing_json.SelfDescribingJson object at 0x00000221241E8790>, <snowplow_tracker.self_describing_json.SelfDescribingJson object at 0x0000022125211890>]}
[0m15:27:53.663080 [debug] [MainThread]: Flushing usage events
